<?xml version="1.0" encoding="UTF-8"?>
<!-- Generated by org.testng.reporters.JUnitReportReporter -->
<testsuite hostname="shakirs-MacBook-Air.local" failures="0" tests="1" name="testcases.TestCase2" time="73.525" errors="0" timestamp="2021-12-14T17:05:56 BDT" skipped="0">
  <testcase classname="testcases.TestCase2" name="Testcase2" time="73.525"/>
  <system-out/>
</testsuite> <!-- testcases.TestCase2 -->
