<?xml version="1.0" encoding="UTF-8"?>
<!-- Generated by org.testng.reporters.JUnitReportReporter -->
<testsuite hostname="shakirs-MacBook-Air.local" failures="0" tests="1" name="testcases.TestCase1" time="45.832" errors="0" timestamp="2021-12-19T23:12:29 BDT" skipped="0">
  <testcase classname="testcases.TestCase1" name="Testcase1" time="45.832"/>
  <system-out/>
</testsuite> <!-- testcases.TestCase1 -->
