<?xml version="1.0" encoding="UTF-8"?>
<!-- Generated by org.testng.reporters.JUnitReportReporter -->
<testsuite hostname="shakirs-MacBook-Air.local" failures="0" tests="1" name="testcases.TestCase2" time="75.877" errors="0" timestamp="2021-12-19T23:14:38 BDT" skipped="0">
  <testcase classname="testcases.TestCase2" name="Testcase2" time="75.877"/>
  <system-out/>
</testsuite> <!-- testcases.TestCase2 -->
