<?xml version="1.0" encoding="UTF-8"?>
<!-- Generated by org.testng.reporters.JUnitReportReporter -->
<testsuite hostname="shakirs-MacBook-Air.local" failures="0" tests="1" name="testcases.TestCase1" time="42.539" errors="0" timestamp="2021-12-14T15:17:18 BDT" skipped="0">
  <testcase classname="testcases.TestCase1" name="TestCase1" time="42.539"/>
  <system-out/>
</testsuite> <!-- testcases.TestCase1 -->
